2025-06-30T11:50:14.415+08:00  INFO 25424 --- [main] c.work.logistics.LogisticsApplication    : Starting LogisticsApplication using Java 19.0.1 with PID 25424 (D:\用户\桌面\springboot\BackendXJZ\logistics\target\classes started by 17162 in D:\用户\桌面\springboot\BackendXJZ\logistics)
2025-06-30T11:50:14.417+08:00  INFO 25424 --- [main] c.work.logistics.LogisticsApplication    : No active profile set, falling back to 1 default profile: "default"
2025-06-30T11:50:15.218+08:00  INFO 25424 --- [main] .s.d.r.c.RepositoryConfigurationDelegate : Multiple Spring Data modules found, entering strict repository configuration mode
2025-06-30T11:50:15.219+08:00  INFO 25424 --- [main] .s.d.r.c.RepositoryConfigurationDelegate : Bootstrapping Spring Data JPA repositories in DEFAULT mode.
2025-06-30T11:50:15.238+08:00  INFO 25424 --- [main] .RepositoryConfigurationExtensionSupport : Spring Data JPA - Could not safely identify store assignment for repository candidate interface com.work.logistics.mongo.LogisticsTrackRepository; If you want this repository to be a JPA repository, consider annotating your entities with one of these annotations: jakarta.persistence.Entity, jakarta.persistence.MappedSuperclass (preferred), or consider extending one of the following types with your repository: org.springframework.data.jpa.repository.JpaRepository
2025-06-30T11:50:15.239+08:00  INFO 25424 --- [main] .s.d.r.c.RepositoryConfigurationDelegate : Finished Spring Data repository scanning in 13 ms. Found 0 JPA repository interfaces.
2025-06-30T11:50:15.262+08:00  INFO 25424 --- [main] .s.d.r.c.RepositoryConfigurationDelegate : Multiple Spring Data modules found, entering strict repository configuration mode
2025-06-30T11:50:15.262+08:00  INFO 25424 --- [main] .s.d.r.c.RepositoryConfigurationDelegate : Bootstrapping Spring Data MongoDB repositories in DEFAULT mode.
2025-06-30T11:50:15.346+08:00  INFO 25424 --- [main] .s.d.r.c.RepositoryConfigurationDelegate : Finished Spring Data repository scanning in 83 ms. Found 1 MongoDB repository interface.
2025-06-30T11:50:15.355+08:00  INFO 25424 --- [main] .s.d.r.c.RepositoryConfigurationDelegate : Multiple Spring Data modules found, entering strict repository configuration mode
2025-06-30T11:50:15.356+08:00  INFO 25424 --- [main] .s.d.r.c.RepositoryConfigurationDelegate : Bootstrapping Spring Data Redis repositories in DEFAULT mode.
2025-06-30T11:50:15.366+08:00  INFO 25424 --- [main] .RepositoryConfigurationExtensionSupport : Spring Data Redis - Could not safely identify store assignment for repository candidate interface com.work.logistics.mongo.LogisticsTrackRepository; If you want this repository to be a Redis repository, consider annotating your entities with one of these annotations: org.springframework.data.redis.core.RedisHash (preferred), or consider extending one of the following types with your repository: org.springframework.data.keyvalue.repository.KeyValueRepository
2025-06-30T11:50:15.366+08:00  INFO 25424 --- [main] .s.d.r.c.RepositoryConfigurationDelegate : Finished Spring Data repository scanning in 2 ms. Found 0 Redis repository interfaces.
2025-06-30T11:50:15.871+08:00  INFO 25424 --- [main] o.s.b.w.embedded.tomcat.TomcatWebServer  : Tomcat initialized with port 8080 (http)
2025-06-30T11:50:15.881+08:00  INFO 25424 --- [main] o.apache.catalina.core.StandardService   : Starting service [Tomcat]
2025-06-30T11:50:15.881+08:00  INFO 25424 --- [main] o.apache.catalina.core.StandardEngine    : Starting Servlet engine: [Apache Tomcat/10.1.42]
2025-06-30T11:50:15.916+08:00  INFO 25424 --- [main] o.a.c.c.C.[Tomcat].[localhost].[/]       : Initializing Spring embedded WebApplicationContext
2025-06-30T11:50:15.916+08:00  INFO 25424 --- [main] w.s.c.ServletWebServerApplicationContext : Root WebApplicationContext: initialization completed in 1472 ms
2025-06-30T11:50:17.810+08:00  INFO 25424 --- [main] com.alibaba.druid.pool.DruidDataSource   : {dataSource-1} inited
2025-06-30T11:50:17.835+08:00  INFO 25424 --- [main] o.hibernate.jpa.internal.util.LogHelper  : HHH000204: Processing PersistenceUnitInfo [name: default]
2025-06-30T11:50:17.881+08:00  INFO 25424 --- [main] org.hibernate.Version                    : HHH000412: Hibernate ORM core version 6.6.18.Final
2025-06-30T11:50:17.907+08:00  INFO 25424 --- [main] o.h.c.internal.RegionFactoryInitiator    : HHH000026: Second-level cache disabled
2025-06-30T11:50:18.100+08:00  INFO 25424 --- [main] o.s.o.j.p.SpringPersistenceUnitInfo      : No LoadTimeWeaver setup: ignoring JPA class transformer
2025-06-30T11:50:18.224+08:00  INFO 25424 --- [main] org.hibernate.orm.connections.pooling    : HHH10001005: Database info:
	Database JDBC URL [Connecting through datasource '{
	CreateTime:"2025-06-30 11:50:15",
	ActiveCount:0,
	PoolingCount:5,
	CreateCount:5,
	DestroyCount:0,
	CloseCount:2,
	ConnectCount:2,
	Connections:[
		{ID:9451853, ConnectTime:"2025-06-30 11:50:16", UseCount:0, LastActiveTime:"2025-06-30 11:50:16"},
		{ID:1355475787, ConnectTime:"2025-06-30 11:50:16", UseCount:0, LastActiveTime:"2025-06-30 11:50:16"},
		{ID:1873788332, ConnectTime:"2025-06-30 11:50:17", UseCount:0, LastActiveTime:"2025-06-30 11:50:17"},
		{ID:209455103, ConnectTime:"2025-06-30 11:50:17", UseCount:0, LastActiveTime:"2025-06-30 11:50:17"},
		{ID:220667244, ConnectTime:"2025-06-30 11:50:17", UseCount:2, LastActiveTime:"2025-06-30 11:50:18"}
	]
}']
	Database driver: undefined/unknown
	Database version: 8.0.42
	Autocommit mode: undefined/unknown
	Isolation level: undefined/unknown
	Minimum pool size: undefined/unknown
	Maximum pool size: undefined/unknown
2025-06-30T11:50:18.441+08:00  INFO 25424 --- [main] o.h.e.t.j.p.i.JtaPlatformInitiator       : HHH000489: No JTA platform available (set 'hibernate.transaction.jta.platform' to enable JTA platform integration)
2025-06-30T11:50:18.445+08:00  INFO 25424 --- [main] j.LocalContainerEntityManagerFactoryBean : Initialized JPA EntityManagerFactory for persistence unit 'default'
2025-06-30T11:50:18.746+08:00  INFO 25424 --- [main] org.mongodb.driver.client                : MongoClient with metadata {"driver": {"name": "mongo-java-driver|sync|spring-boot", "version": "5.5.1"}, "os": {"type": "Windows", "name": "Windows 11", "architecture": "amd64", "version": "10.0"}, "platform": "Java/Oracle Corporation/19.0.1+10-21"} created with settings MongoClientSettings{readPreference=primary, writeConcern=WriteConcern{w=null, wTimeout=null ms, journal=null}, retryWrites=true, retryReads=true, readConcern=ReadConcern{level=null}, credential=MongoCredential{mechanism=null, userName='root', source='admin', password=<hidden>, mechanismProperties=<hidden>}, transportSettings=null, commandListeners=[], codecRegistry=ProvidersCodecRegistry{codecProviders=[ValueCodecProvider{}, BsonValueCodecProvider{}, DBRefCodecProvider{}, DBObjectCodecProvider{}, DocumentCodecProvider{}, CollectionCodecProvider{}, IterableCodecProvider{}, MapCodecProvider{}, GeoJsonCodecProvider{}, GridFSFileCodecProvider{}, Jsr310CodecProvider{}, JsonObjectCodecProvider{}, BsonCodecProvider{}, EnumCodecProvider{}, com.mongodb.client.model.mql.ExpressionCodecProvider@574134ba, com.mongodb.Jep395RecordCodecProvider@57063e08, com.mongodb.KotlinCodecProvider@6afb240d]}, loggerSettings=LoggerSettings{maxDocumentLength=1000}, clusterSettings={hosts=[81.71.96.88:27017], srvServiceName=mongodb, mode=SINGLE, requiredClusterType=UNKNOWN, requiredReplicaSetName='null', serverSelector='null', clusterListeners='[]', serverSelectionTimeout='30000 ms', localThreshold='15 ms'}, socketSettings=SocketSettings{connectTimeoutMS=10000, readTimeoutMS=0, receiveBufferSize=0, proxySettings=ProxySettings{host=null, port=null, username=null, password=null}}, heartbeatSocketSettings=SocketSettings{connectTimeoutMS=10000, readTimeoutMS=10000, receiveBufferSize=0, proxySettings=ProxySettings{host=null, port=null, username=null, password=null}}, connectionPoolSettings=ConnectionPoolSettings{maxSize=100, minSize=0, maxWaitTimeMS=120000, maxConnectionLifeTimeMS=0, maxConnectionIdleTimeMS=0, maintenanceInitialDelayMS=0, maintenanceFrequencyMS=60000, connectionPoolListeners=[], maxConnecting=2}, serverSettings=ServerSettings{heartbeatFrequencyMS=10000, minHeartbeatFrequencyMS=500, serverMonitoringMode=AUTO, serverListeners='[]', serverMonitorListeners='[]'}, sslSettings=SslSettings{enabled=false, invalidHostNameAllowed=false, context=null}, applicationName='null', compressorList=[], uuidRepresentation=JAVA_LEGACY, serverApi=null, autoEncryptionSettings=null, dnsClient=null, inetAddressResolver=null, contextProvider=null, timeoutMS=null}
2025-06-30T11:50:18.809+08:00  INFO 25424 --- [cluster-ClusterId{value='6862097a0e618e0fd5087948', description='null'}-81.71.96.88:27017] org.mongodb.driver.cluster               : Monitor thread successfully connected to server with description ServerDescription{address=81.71.96.88:27017, type=STANDALONE, cryptd=false, state=CONNECTED, ok=true, minWireVersion=0, maxWireVersion=21, maxDocumentSize=16777216, logicalSessionTimeoutMinutes=30, roundTripTimeNanos=39623800, minRoundTripTimeNanos=0}
2025-06-30T11:50:19.235+08:00  WARN 25424 --- [main] JpaBaseConfiguration$JpaWebConfiguration : spring.jpa.open-in-view is enabled by default. Therefore, database queries may be performed during view rendering. Explicitly configure spring.jpa.open-in-view to disable this warning
2025-06-30T11:50:19.593+08:00  INFO 25424 --- [main] o.s.b.w.embedded.tomcat.TomcatWebServer  : Tomcat started on port 8080 (http) with context path '/'
2025-06-30T11:50:19.595+08:00  INFO 25424 --- [main] o.s.a.r.c.CachingConnectionFactory       : Attempting to connect to: 81.71.96.88:5672
2025-06-30T11:50:19.769+08:00  INFO 25424 --- [main] o.s.a.r.c.CachingConnectionFactory       : Created new connection: connectionFactory#3db48e6:0/SimpleConnection@142ac60e [delegate=amqp://ark@81.71.96.88:5672/gundam, localPort=58143]
2025-06-30T11:50:20.061+08:00  INFO 25424 --- [main] c.work.logistics.LogisticsApplication    : Started LogisticsApplication in 5.943 seconds (process running for 6.285)
2025-06-30T11:50:20.063+08:00  INFO 25424 --- [main] c.work.logistics.LogisticsApplication    : 物流系统开始启动...
2025-06-30T11:50:40.878+08:00  INFO 25424 --- [org.springframework.amqp.rabbit.RabbitListenerEndpointContainer#0-2] o.s.a.r.l.SimpleMessageListenerContainer : Waiting for workers to finish.
2025-06-30T11:50:41.270+08:00  INFO 25424 --- [org.springframework.amqp.rabbit.RabbitListenerEndpointContainer#0-2] o.s.a.r.l.SimpleMessageListenerContainer : Successfully waited for workers to finish.
2025-06-30T11:50:41.271+08:00  INFO 25424 --- [SpringApplicationShutdownHook] o.s.b.w.e.tomcat.GracefulShutdown        : Commencing graceful shutdown. Waiting for active requests to complete
2025-06-30T11:50:41.308+08:00  INFO 25424 --- [tomcat-shutdown] o.s.b.w.e.tomcat.GracefulShutdown        : Graceful shutdown complete
2025-06-30T11:50:41.345+08:00  INFO 25424 --- [SpringApplicationShutdownHook] j.LocalContainerEntityManagerFactoryBean : Closing JPA EntityManagerFactory for persistence unit 'default'
2025-06-30T11:50:41.346+08:00  INFO 25424 --- [SpringApplicationShutdownHook] com.alibaba.druid.pool.DruidDataSource   : {dataSource-1} closing ...
2025-06-30T11:50:41.486+08:00  INFO 25424 --- [SpringApplicationShutdownHook] com.alibaba.druid.pool.DruidDataSource   : {dataSource-1} closed
